# JRE version: Java(TM) SE Runtime Environment (23.0.1+11) (build 23.0.1+11-39)
# Java VM: Java HotSpot(TM) 64-Bit Server VM (23.0.1+11-39, mixed mode, emulated-client, sharing, tiered, compressed oops, compressed class ptrs, g1 gc, windows-amd64)
GC Precious Log:
 CardTable entry size: 512
 Card Set container configuration: InlinePtr #cards 5 size 8 Array Of Cards #cards 10 size 36 Howl #buckets 4 coarsen threshold 1843 Howl Bitmap #cards 512 size 80 coarsen threshold 460 Card regions per heap region 1 cards per card region 2048
 CPUs: 8 total, 8 available
 Memory: 7986M
 Large Page Support: Disabled
 NUMA Support: Disabled
 Compressed Oops: Enabled (32-bit)
 Heap Region Size: 1M
 Heap Min Capacity: 8M
 Heap Initial Capacity: 126M
 Heap Max Capacity: 1998M
 Pre-touch: Disabled
 Parallel Workers: 8
 Concurrent Workers: 2
 Concurrent Refinement Workers: 8
 Periodic GC: Disabled
Heap:
 garbage-first heap   total reserved 2045952K, committed 107520K, used 67198K [0x0000000083200000, 0x0000000100000000)
  region size 1024K, 13 young (13312K), 5 survivors (5120K)
 Metaspace       used 99135K, committed 99904K, reserved 1179648K
  class space    used 14737K, committed 15040K, reserved 1048576K
GC Heap History (20 events):
Event: 43.218 GC heap before
{Heap before GC invocations=30 (full 0):
 garbage-first heap   total reserved 2045952K, committed 78848K, used 67464K [0x0000000083200000, 0x0000000100000000)
  region size 1024K, 24 young (24576K), 4 survivors (4096K)
 Metaspace       used 85287K, committed 86016K, reserved 1179648K
  class space    used 12510K, committed 12800K, reserved 1048576K
}
Event: 43.223 GC heap after
{Heap after GC invocations=31 (full 0):
 garbage-first heap   total reserved 2045952K, committed 78848K, used 49449K [0x0000000083200000, 0x0000000100000000)
  region size 1024K, 3 young (3072K), 3 survivors (3072K)
 Metaspace       used 85287K, committed 86016K, reserved 1179648K
  class space    used 12510K, committed 12800K, reserved 1048576K
}
Event: 43.591 GC heap before
{Heap before GC invocations=32 (full 0):
 garbage-first heap   total reserved 2045952K, committed 83968K, used 69929K [0x0000000083200000, 0x0000000100000000)
  region size 1024K, 23 young (23552K), 3 survivors (3072K)
 Metaspace       used 86453K, committed 87168K, reserved 1179648K
  class space    used 12743K, committed 13056K, reserved 1048576K
}
Event: 43.595 GC heap after
{Heap after GC invocations=33 (full 0):
 garbage-first heap   total reserved 2045952K, committed 83968K, used 50727K [0x0000000083200000, 0x0000000100000000)
  region size 1024K, 3 young (3072K), 3 survivors (3072K)
 Metaspace       used 86453K, committed 87168K, reserved 1179648K
  class space    used 12743K, committed 13056K, reserved 1048576K
}
Event: 43.728 GC heap before
{Heap before GC invocations=33 (full 0):
 garbage-first heap   total reserved 2045952K, committed 83968K, used 75303K [0x0000000083200000, 0x0000000100000000)
  region size 1024K, 27 young (27648K), 3 survivors (3072K)
 Metaspace       used 87060K, committed 87744K, reserved 1179648K
  class space    used 12907K, committed 13184K, reserved 1048576K
}
Event: 43.732 GC heap after
{Heap after GC invocations=34 (full 0):
 garbage-first heap   total reserved 2045952K, committed 83968K, used 50612K [0x0000000083200000, 0x0000000100000000)
  region size 1024K, 3 young (3072K), 3 survivors (3072K)
 Metaspace       used 87060K, committed 87744K, reserved 1179648K
  class space    used 12907K, committed 13184K, reserved 1048576K
}
Event: 44.528 GC heap before
{Heap before GC invocations=34 (full 0):
 garbage-first heap   total reserved 2045952K, committed 83968K, used 73140K [0x0000000083200000, 0x0000000100000000)
  region size 1024K, 26 young (26624K), 3 survivors (3072K)
 Metaspace       used 91771K, committed 92480K, reserved 1179648K
  class space    used 13557K, committed 13888K, reserved 1048576K
}
Event: 44.531 GC heap after
{Heap after GC invocations=35 (full 0):
 garbage-first heap   total reserved 2045952K, committed 83968K, used 51591K [0x0000000083200000, 0x0000000100000000)
  region size 1024K, 4 young (4096K), 4 survivors (4096K)
 Metaspace       used 91771K, committed 92480K, reserved 1179648K
  class space    used 13557K, committed 13888K, reserved 1048576K
}
Event: 45.004 GC heap before
{Heap before GC invocations=36 (full 0):
 garbage-first heap   total reserved 2045952K, committed 89088K, used 73095K [0x0000000083200000, 0x0000000100000000)
  region size 1024K, 25 young (25600K), 4 survivors (4096K)
 Metaspace       used 93400K, committed 94080K, reserved 1179648K
  class space    used 13791K, committed 14080K, reserved 1048576K
}
Event: 45.008 GC heap after
{Heap after GC invocations=37 (full 0):
 garbage-first heap   total reserved 2045952K, committed 89088K, used 53065K [0x0000000083200000, 0x0000000100000000)
  region size 1024K, 4 young (4096K), 4 survivors (4096K)
 Metaspace       used 93400K, committed 94080K, reserved 1179648K
  class space    used 13791K, committed 14080K, reserved 1048576K
}
Event: 45.138 GC heap before
{Heap before GC invocations=37 (full 0):
 garbage-first heap   total reserved 2045952K, committed 89088K, used 78665K [0x0000000083200000, 0x0000000100000000)
  region size 1024K, 29 young (29696K), 4 survivors (4096K)
 Metaspace       used 93627K, committed 94336K, reserved 1179648K
  class space    used 13816K, committed 14144K, reserved 1048576K
}
Event: 45.143 GC heap after
{Heap after GC invocations=38 (full 0):
 garbage-first heap   total reserved 2045952K, committed 89088K, used 53165K [0x0000000083200000, 0x0000000100000000)
  region size 1024K, 3 young (3072K), 3 survivors (3072K)
 Metaspace       used 93627K, committed 94336K, reserved 1179648K
  class space    used 13816K, committed 14144K, reserved 1048576K
}
Event: 45.473 GC heap before
{Heap before GC invocations=38 (full 0):
 garbage-first heap   total reserved 2045952K, committed 89088K, used 79789K [0x0000000083200000, 0x0000000100000000)
  region size 1024K, 29 young (29696K), 3 survivors (3072K)
 Metaspace       used 94770K, committed 95488K, reserved 1179648K
  class space    used 14005K, committed 14336K, reserved 1048576K
}
Event: 45.478 GC heap after
{Heap after GC invocations=39 (full 0):
 garbage-first heap   total reserved 2045952K, committed 107520K, used 54454K [0x0000000083200000, 0x0000000100000000)
  region size 1024K, 3 young (3072K), 3 survivors (3072K)
 Metaspace       used 94770K, committed 95488K, reserved 1179648K
  class space    used 14005K, committed 14336K, reserved 1048576K
}
Event: 46.028 GC heap before
{Heap before GC invocations=40 (full 0):
 garbage-first heap   total reserved 2045952K, committed 107520K, used 97462K [0x0000000083200000, 0x0000000100000000)
  region size 1024K, 45 young (46080K), 3 survivors (3072K)
 Metaspace       used 96162K, committed 96832K, reserved 1179648K
  class space    used 14228K, committed 14528K, reserved 1048576K
}
Event: 46.032 GC heap after
{Heap after GC invocations=41 (full 0):
 garbage-first heap   total reserved 2045952K, committed 107520K, used 56672K [0x0000000083200000, 0x0000000100000000)
  region size 1024K, 5 young (5120K), 5 survivors (5120K)
 Metaspace       used 96162K, committed 96832K, reserved 1179648K
  class space    used 14228K, committed 14528K, reserved 1048576K
}
Event: 46.610 GC heap before
{Heap before GC invocations=41 (full 0):
 garbage-first heap   total reserved 2045952K, committed 107520K, used 95584K [0x0000000083200000, 0x0000000100000000)
  region size 1024K, 43 young (44032K), 5 survivors (5120K)
 Metaspace       used 97560K, committed 98368K, reserved 1179648K
  class space    used 14443K, committed 14784K, reserved 1048576K
}
Event: 46.617 GC heap after
{Heap after GC invocations=42 (full 0):
 garbage-first heap   total reserved 2045952K, committed 107520K, used 58182K [0x0000000083200000, 0x0000000100000000)
  region size 1024K, 5 young (5120K), 5 survivors (5120K)
 Metaspace       used 97560K, committed 98368K, reserved 1179648K
  class space    used 14443K, committed 14784K, reserved 1048576K
}
Event: 47.175 GC heap before
{Heap before GC invocations=42 (full 0):
 garbage-first heap   total reserved 2045952K, committed 107520K, used 95046K [0x0000000083200000, 0x0000000100000000)
  region size 1024K, 41 young (41984K), 5 survivors (5120K)
 Metaspace       used 98514K, committed 99328K, reserved 1179648K
  class space    used 14629K, committed 14976K, reserved 1048576K
}
Event: 47.181 GC heap after
{Heap after GC invocations=43 (full 0):
 garbage-first heap   total reserved 2045952K, committed 107520K, used 60030K [0x0000000083200000, 0x0000000100000000)
  region size 1024K, 5 young (5120K), 5 survivors (5120K)
 Metaspace       used 98514K, committed 99328K, reserved 1179648K
  class space    used 14629K, committed 14976K, reserved 1048576K
}

